#
# There is insufficient memory for the Java Runtime Environment to continue.
# Native memory allocation (malloc) failed to allocate 32784 bytes. Error detail: Chunk::new
# Possible reasons:
#   The system is out of physical RAM or swap space
#   This process is running with CompressedOops enabled, and the Java Heap may be blocking the growth of the native heap
# Possible solutions:
#   Reduce memory load on the system
#   Increase physical memory or swap space
#   Check if swap backing store is full
#   Decrease Java heap size (-Xmx/-Xms)
#   Decrease number of Java threads
#   Decrease Java thread stack sizes (-Xss)
#   Set larger code cache with -XX:ReservedCodeCacheSize=
#   JVM is running with Unscaled Compressed Oops mode in which the Java heap is
#     placed in the first 4GB address space. The Java Heap base address is the
#     maximum limit for the native heap growth. Please use -XX:HeapBaseMinAddress
#     to set the Java Heap base and to place the Java Heap above 4GB virtual address.
# This output file may be truncated or incomplete.
#
#  Out of Memory Error (arena.cpp:191), pid=9224, tid=9420
#
# JRE version: OpenJDK Runtime Environment Temurin-17.0.11+9 (17.0.11+9) (build 17.0.11+9)
# Java VM: OpenJDK 64-Bit Server VM Temurin-17.0.11+9 (17.0.11+9, mixed mode, tiered, compressed oops, compressed class ptrs, parallel gc, windows-amd64)
# No core dump will be written. Minidumps are not enabled by default on client versions of Windows
#

---------------  S U M M A R Y ------------

Command Line: --add-modules=ALL-SYSTEM --add-opens=java.base/java.util=ALL-UNNAMED --add-opens=java.base/java.lang=ALL-UNNAMED --add-opens=java.base/sun.nio.fs=ALL-UNNAMED -Declipse.application=org.eclipse.jdt.ls.core.id1 -Dosgi.bundles.defaultStartLevel=4 -Declipse.product=org.eclipse.jdt.ls.core.product -Djava.import.generatesMetadataFilesAtProjectRoot=false -DDetectVMInstallationsJob.disabled=true -Dfile.encoding=utf8 -XX:+UseParallelGC -XX:GCTimeRatio=4 -XX:AdaptiveSizePolicyWeight=90 -Dsun.zip.disableMemoryMapping=true -Xmx1G -Xms100m -Xlog:disable -javaagent:c:\Users\Akshay Kadam\.vscode\extensions\redhat.java-1.33.0-win32-x64\lombok\lombok-1.18.33.jar c:\Users\Akshay Kadam\.vscode\extensions\redhat.java-1.33.0-win32-x64\server\plugins\org.eclipse.equinox.launcher_1.6.900.v20240613-2009.jar -configuration c:\Users\Akshay Kadam\AppData\Roaming\Code\User\globalStorage\redhat.java\1.33.0\config_ss_win -data c:\Users\Akshay Kadam\AppData\Roaming\Code\User\workspaceStorage\a0199bcba35824faf9c02197b0bb635c\redhat.java\ss_ws --pipe=\\.\pipe\lsp-036742450956bec913822efb7440e99f-sock

Host: Intel(R) Core(TM) i3-1005G1 CPU @ 1.20GHz, 4 cores, 3G,  Windows 11 , 64 bit Build 22621 (10.0.22621.3672)
Time: Wed Aug  7 17:36:25 2024 India Standard Time elapsed time: 22.344163 seconds (0d 0h 0m 22s)

---------------  T H R E A D  ---------------

Current thread (0x000001f7d61b8c70):  JavaThread "C2 CompilerThread0" daemon [_thread_in_native, id=9420, stack(0x00000075bad00000,0x00000075bae00000)]


Current CompileTask:
C2:  22344 2273       4       jdk.internal.module.SystemModuleFinders$SystemModuleReader::find (59 bytes)

Stack: [0x00000075bad00000,0x00000075bae00000]
Native frames: (J=compiled Java code, j=interpreted, Vv=VM code, C=native code)
V  [jvm.dll+0x67d429]
V  [jvm.dll+0x834b7a]
V  [jvm.dll+0x83663e]
V  [jvm.dll+0x836ca3]
V  [jvm.dll+0x247dbf]
V  [jvm.dll+0xac534]
V  [jvm.dll+0xacb7c]
V  [jvm.dll+0xac63b]
V  [jvm.dll+0x6a27a8]
V  [jvm.dll+0x1a99b3]
V  [jvm.dll+0x6a0dd1]
V  [jvm.dll+0x222cc8]
V  [jvm.dll+0x21bc7d]
V  [jvm.dll+0x2197a1]
V  [jvm.dll+0x1a534d]
V  [jvm.dll+0x2295cd]
V  [jvm.dll+0x22779c]
V  [jvm.dll+0x7e9d07]
V  [jvm.dll+0x7e410a]
V  [jvm.dll+0x67c315]
C  [ucrtbase.dll+0x29333]
C  [KERNEL32.DLL+0x1257d]
C  [ntdll.dll+0x5af28]


---------------  P R O C E S S  ---------------

Threads class SMR info:
_java_thread_list=0x000001f7db8f7450, length=18, elements={
0x000001f7c23440c0, 0x000001f7d6182010, 0x000001f7d6185520, 0x000001f7d61aff20,
0x000001f7d61b08f0, 0x000001f7d61b32d0, 0x000001f7d61b5fb0, 0x000001f7d61b8c70,
0x000001f7db36f9c0, 0x000001f7db372690, 0x000001f7c23a4730, 0x000001f7db6c5630,
0x000001f7dbc38f80, 0x000001f7dbc36110, 0x000001f7dbc83f70, 0x000001f7dbc99fd0,
0x000001f7db8af250, 0x000001f7db963420
}

Java Threads: ( => current thread )
  0x000001f7c23440c0 JavaThread "main" [_thread_blocked, id=12440, stack(0x00000075ba400000,0x00000075ba500000)]
  0x000001f7d6182010 JavaThread "Reference Handler" daemon [_thread_blocked, id=11736, stack(0x00000075ba700000,0x00000075ba800000)]
  0x000001f7d6185520 JavaThread "Finalizer" daemon [_thread_blocked, id=16496, stack(0x00000075ba800000,0x00000075ba900000)]
  0x000001f7d61aff20 JavaThread "Signal Dispatcher" daemon [_thread_blocked, id=14148, stack(0x00000075ba900000,0x00000075baa00000)]
  0x000001f7d61b08f0 JavaThread "Attach Listener" daemon [_thread_blocked, id=2816, stack(0x00000075baa00000,0x00000075bab00000)]
  0x000001f7d61b32d0 JavaThread "Service Thread" daemon [_thread_blocked, id=11600, stack(0x00000075bab00000,0x00000075bac00000)]
  0x000001f7d61b5fb0 JavaThread "Monitor Deflation Thread" daemon [_thread_blocked, id=13332, stack(0x00000075bac00000,0x00000075bad00000)]
=>0x000001f7d61b8c70 JavaThread "C2 CompilerThread0" daemon [_thread_in_native, id=9420, stack(0x00000075bad00000,0x00000075bae00000)]
  0x000001f7db36f9c0 JavaThread "C1 CompilerThread0" daemon [_thread_blocked, id=2412, stack(0x00000075bae00000,0x00000075baf00000)]
  0x000001f7db372690 JavaThread "Sweeper thread" daemon [_thread_blocked, id=8024, stack(0x00000075baf00000,0x00000075bb000000)]
  0x000001f7c23a4730 JavaThread "Common-Cleaner" daemon [_thread_blocked, id=4812, stack(0x00000075bb000000,0x00000075bb100000)]
  0x000001f7db6c5630 JavaThread "Notification Thread" daemon [_thread_blocked, id=3812, stack(0x00000075bb100000,0x00000075bb200000)]
  0x000001f7dbc38f80 JavaThread "Active Thread: Equinox Container: a16ccc1a-6762-4299-93cf-d49e0c43c6ea" [_thread_blocked, id=17436, stack(0x00000075bb600000,0x00000075bb700000)]
  0x000001f7dbc36110 JavaThread "Framework Event Dispatcher: Equinox Container: a16ccc1a-6762-4299-93cf-d49e0c43c6ea" daemon [_thread_blocked, id=1404, stack(0x00000075bb700000,0x00000075bb800000)]
  0x000001f7dbc83f70 JavaThread "Start Level: Equinox Container: a16ccc1a-6762-4299-93cf-d49e0c43c6ea" daemon [_thread_in_Java, id=16564, stack(0x00000075bb800000,0x00000075bb900000)]
  0x000001f7dbc99fd0 JavaThread "SCR Component Actor" daemon [_thread_blocked, id=15060, stack(0x00000075bb900000,0x00000075bba00000)]
  0x000001f7db8af250 JavaThread "SCR Component Registry" daemon [_thread_blocked, id=5460, stack(0x00000075bba00000,0x00000075bbb00000)]
  0x000001f7db963420 JavaThread "Worker-JM" [_thread_blocked, id=12272, stack(0x00000075bbb00000,0x00000075bbc00000)]

Other Threads:
  0x000001f7d6169d40 VMThread "VM Thread" [stack: 0x00000075ba600000,0x00000075ba700000] [id=19324]
  0x000001f7db6b6dd0 WatcherThread [stack: 0x00000075bb200000,0x00000075bb300000] [id=4776]
  0x000001f7c23597b0 GCTaskThread "GC Thread#0" [stack: 0x00000075ba500000,0x00000075ba600000] [id=6924]
  0x000001f7dbb8ac20 GCTaskThread "GC Thread#1" [stack: 0x00000075bb300000,0x00000075bb400000] [id=3184]
  0x000001f7dbbaf440 GCTaskThread "GC Thread#2" [stack: 0x00000075bb400000,0x00000075bb500000] [id=13552]
  0x000001f7dbbaf700 GCTaskThread "GC Thread#3" [stack: 0x00000075bb500000,0x00000075bb600000] [id=12920]

Threads with active compile tasks:
C2 CompilerThread0    22403 2273       4       jdk.internal.module.SystemModuleFinders$SystemModuleReader::find (59 bytes)
C1 CompilerThread0    22403 2309       3       sun.util.locale.StringTokenIterator::nextDelimiter (116 bytes)

VM state: not at safepoint (normal execution)

VM Mutex/Monitor currently owned by a thread: None

OutOfMemory and StackOverflow Exception counts:
OutOfMemoryError java_heap_errors=1
LinkageErrors=31

Heap address: 0x00000000c0000000, size: 1024 MB, Compressed Oops mode: 32-bit

CDS archive(s) not mapped
Compressed class space mapped at: 0x0000000100000000-0x0000000140000000, reserved size: 1073741824
Narrow klass base: 0x0000000000000000, Narrow klass shift: 3, Narrow klass range: 0x140000000

GC Precious Log:
 CPUs: 4 total, 4 available
 Memory: 3902M
 Large Page Support: Disabled
 NUMA Support: Disabled
 Compressed Oops: Enabled (32-bit)
 Alignments: Space 512K, Generation 512K, Heap 2M
 Heap Min Capacity: 100M
 Heap Initial Capacity: 100M
 Heap Max Capacity: 1G
 Pre-touch: Disabled
 Parallel Workers: 4

Heap:
 PSYoungGen      total 29696K, used 5014K [0x00000000eab00000, 0x00000000ecc00000, 0x0000000100000000)
  eden space 25600K, 19% used [0x00000000eab00000,0x00000000eafe5918,0x00000000ec400000)
  from space 4096K, 0% used [0x00000000ec800000,0x00000000ec800000,0x00000000ecc00000)
  to   space 4096K, 0% used [0x00000000ec400000,0x00000000ec400000,0x00000000ec800000)
 ParOldGen       total 68608K, used 6800K [0x00000000c0000000, 0x00000000c4300000, 0x00000000eab00000)
  object space 68608K, 9% used [0x00000000c0000000,0x00000000c06a4150,0x00000000c4300000)
 Metaspace       used 21869K, committed 22272K, reserved 1114112K
  class space    used 2244K, committed 2432K, reserved 1048576K

Card table byte_map: [0x000001f7c1cf0000,0x000001f7c1f00000] _byte_map_base: 0x000001f7c16f0000

Marking Bits: (ParMarkBitMap*) 0x00007ff9d2c3d820
 Begin Bits: [0x000001f7d3fd0000, 0x000001f7d4fd0000)
 End Bits:   [0x000001f7d4fd0000, 0x000001f7d5fd0000)

Polling page: 0x000001f7c04c0000

Metaspace:

Usage:
  Non-class:     19.17 MB used.
      Class:      2.19 MB used.
       Both:     21.36 MB used.

Virtual space:
  Non-class space:       64.00 MB reserved,      19.38 MB ( 30%) committed,  1 nodes.
      Class space:        1.00 GB reserved,       2.38 MB ( <1%) committed,  1 nodes.
             Both:        1.06 GB reserved,      21.75 MB (  2%) committed. 

Chunk freelists:
   Non-Class:  12.63 MB
       Class:  13.58 MB
        Both:  26.21 MB

MaxMetaspaceSize: unlimited
CompressedClassSpaceSize: 1.00 GB
Initial GC threshold: 21.00 MB
Current GC threshold: 35.00 MB
CDS: off
MetaspaceReclaimPolicy: balanced
 - commit_granule_bytes: 65536.
 - commit_granule_words: 8192.
 - virtual_space_node_default_size: 8388608.
 - enlarge_chunks_in_place: 1.
 - new_chunks_are_fully_committed: 0.
 - uncommit_free_chunks: 1.
 - use_allocation_guard: 0.
 - handle_deallocations: 1.


Internal statistics:

num_allocs_failed_limit: 3.
num_arena_births: 260.
num_arena_deaths: 14.
num_vsnodes_births: 2.
num_vsnodes_deaths: 0.
num_space_committed: 348.
num_space_uncommitted: 0.
num_chunks_returned_to_freelist: 17.
num_chunks_taken_from_freelist: 772.
num_chunk_merges: 5.
num_chunk_splits: 489.
num_chunks_enlarged: 330.
num_inconsistent_stats: 0.

CodeHeap 'non-profiled nmethods': size=120000Kb used=940Kb max_used=940Kb free=119059Kb
 bounds [0x000001f7ccaa0000, 0x000001f7ccd10000, 0x000001f7d3fd0000]
CodeHeap 'profiled nmethods': size=120000Kb used=4544Kb max_used=4544Kb free=115455Kb
 bounds [0x000001f7c4fd0000, 0x000001f7c5450000, 0x000001f7cc500000]
CodeHeap 'non-nmethods': size=5760Kb used=1206Kb max_used=1218Kb free=4553Kb
 bounds [0x000001f7cc500000, 0x000001f7cc770000, 0x000001f7ccaa0000]
 total_blobs=2808 nmethods=2306 adapters=416
 compilation: enabled
              stopped_count=0, restarted_count=0
 full_count=0

Compilation events (20 events):
Event: 22.254 Thread 0x000001f7db36f9c0 nmethod 2259 0x000001f7c5428d90 code [0x000001f7c5428f40, 0x000001f7c5429128]
Event: 22.270 Thread 0x000001f7db36f9c0 2260       3       java.util.LinkedList$Node::<init> (20 bytes)
Event: 22.270 Thread 0x000001f7db36f9c0 nmethod 2260 0x000001f7c5429210 code [0x000001f7c54293a0, 0x000001f7c5429558]
Event: 22.272 Thread 0x000001f7db36f9c0 2261       3       java.lang.reflect.Field::checkAccess (32 bytes)
Event: 22.272 Thread 0x000001f7db36f9c0 nmethod 2261 0x000001f7c5429610 code [0x000001f7c54297c0, 0x000001f7c5429a48]
Event: 22.296 Thread 0x000001f7db36f9c0 2262       3       java.util.Arrays::hashCode (56 bytes)
Event: 22.296 Thread 0x000001f7db36f9c0 nmethod 2262 0x000001f7c5429b90 code [0x000001f7c5429d40, 0x000001f7c542a0a8]
Event: 22.305 Thread 0x000001f7d61b8c70 2263       4       java.lang.Object::<init> (1 bytes)
Event: 22.306 Thread 0x000001f7d61b8c70 nmethod 2263 0x000001f7ccb87510 code [0x000001f7ccb87680, 0x000001f7ccb87738]
Event: 22.309 Thread 0x000001f7db36f9c0 2265       3       java.lang.invoke.MethodType$ConcurrentWeakInternSet::get (47 bytes)
Event: 22.310 Thread 0x000001f7db36f9c0 nmethod 2265 0x000001f7c542a210 code [0x000001f7c542a440, 0x000001f7c542ad78]
Event: 22.310 Thread 0x000001f7db36f9c0 2267       3       java.lang.invoke.MethodType$ConcurrentWeakInternSet::add (66 bytes)
Event: 22.311 Thread 0x000001f7db36f9c0 nmethod 2267 0x000001f7c542b090 code [0x000001f7c542b2e0, 0x000001f7c542bfc8]
Event: 22.314 Thread 0x000001f7db36f9c0 2270       3       java.lang.reflect.Field::<init> (50 bytes)
Event: 22.314 Thread 0x000001f7db36f9c0 nmethod 2270 0x000001f7c542c490 code [0x000001f7c542c640, 0x000001f7c542c898]
Event: 22.315 Thread 0x000001f7d61b8c70 2271       4       java.util.concurrent.ConcurrentHashMap$ValueIterator::next (34 bytes)
Event: 22.318 Thread 0x000001f7d61b8c70 nmethod 2271 0x000001f7ccb88410 code [0x000001f7ccb885a0, 0x000001f7ccb887b8]
Event: 22.319 Thread 0x000001f7d61b8c70 2272       4       jdk.internal.loader.BuiltinClassLoader::moduleReaderFor (45 bytes)
Event: 22.323 Thread 0x000001f7d61b8c70 nmethod 2272 0x000001f7ccb88990 code [0x000001f7ccb88b40, 0x000001f7ccb88e78]
Event: 22.324 Thread 0x000001f7d61b8c70 2273       4       jdk.internal.module.SystemModuleFinders$SystemModuleReader::find (59 bytes)

GC Heap History (10 events):
Event: 3.304 GC heap before
{Heap before GC invocations=1 (full 0):
 PSYoungGen      total 29696K, used 25600K [0x00000000eab00000, 0x00000000ecc00000, 0x0000000100000000)
  eden space 25600K, 100% used [0x00000000eab00000,0x00000000ec400000,0x00000000ec400000)
  from space 4096K, 0% used [0x00000000ec800000,0x00000000ec800000,0x00000000ecc00000)
  to   space 4096K, 0% used [0x00000000ec400000,0x00000000ec400000,0x00000000ec800000)
 ParOldGen       total 68608K, used 0K [0x00000000c0000000, 0x00000000c4300000, 0x00000000eab00000)
  object space 68608K, 0% used [0x00000000c0000000,0x00000000c0000000,0x00000000c4300000)
 Metaspace       used 11013K, committed 11200K, reserved 1114112K
  class space    used 1094K, committed 1216K, reserved 1048576K
}
Event: 3.339 GC heap after
{Heap after GC invocations=1 (full 0):
 PSYoungGen      total 29696K, used 3140K [0x00000000eab00000, 0x00000000ecc00000, 0x0000000100000000)
  eden space 25600K, 0% used [0x00000000eab00000,0x00000000eab00000,0x00000000ec400000)
  from space 4096K, 76% used [0x00000000ec400000,0x00000000ec7112e0,0x00000000ec800000)
  to   space 4096K, 0% used [0x00000000ec800000,0x00000000ec800000,0x00000000ecc00000)
 ParOldGen       total 68608K, used 0K [0x00000000c0000000, 0x00000000c4300000, 0x00000000eab00000)
  object space 68608K, 0% used [0x00000000c0000000,0x00000000c0000000,0x00000000c4300000)
 Metaspace       used 11013K, committed 11200K, reserved 1114112K
  class space    used 1094K, committed 1216K, reserved 1048576K
}
Event: 18.201 GC heap before
{Heap before GC invocations=2 (full 0):
 PSYoungGen      total 29696K, used 28740K [0x00000000eab00000, 0x00000000ecc00000, 0x0000000100000000)
  eden space 25600K, 100% used [0x00000000eab00000,0x00000000ec400000,0x00000000ec400000)
  from space 4096K, 76% used [0x00000000ec400000,0x00000000ec7112e0,0x00000000ec800000)
  to   space 4096K, 0% used [0x00000000ec800000,0x00000000ec800000,0x00000000ecc00000)
 ParOldGen       total 68608K, used 0K [0x00000000c0000000, 0x00000000c4300000, 0x00000000eab00000)
  object space 68608K, 0% used [0x00000000c0000000,0x00000000c0000000,0x00000000c4300000)
 Metaspace       used 14647K, committed 14848K, reserved 1114112K
  class space    used 1480K, committed 1536K, reserved 1048576K
}
Event: 18.224 GC heap after
{Heap after GC invocations=2 (full 0):
 PSYoungGen      total 29696K, used 4074K [0x00000000eab00000, 0x00000000ecc00000, 0x0000000100000000)
  eden space 25600K, 0% used [0x00000000eab00000,0x00000000eab00000,0x00000000ec400000)
  from space 4096K, 99% used [0x00000000ec800000,0x00000000ecbfaab0,0x00000000ecc00000)
  to   space 4096K, 0% used [0x00000000ec400000,0x00000000ec400000,0x00000000ec800000)
 ParOldGen       total 68608K, used 760K [0x00000000c0000000, 0x00000000c4300000, 0x00000000eab00000)
  object space 68608K, 1% used [0x00000000c0000000,0x00000000c00be000,0x00000000c4300000)
 Metaspace       used 14647K, committed 14848K, reserved 1114112K
  class space    used 1480K, committed 1536K, reserved 1048576K
}
Event: 20.791 GC heap before
{Heap before GC invocations=3 (full 0):
 PSYoungGen      total 29696K, used 29673K [0x00000000eab00000, 0x00000000ecc00000, 0x0000000100000000)
  eden space 25600K, 99% used [0x00000000eab00000,0x00000000ec3ff9f8,0x00000000ec400000)
  from space 4096K, 99% used [0x00000000ec800000,0x00000000ecbfaab0,0x00000000ecc00000)
  to   space 4096K, 0% used [0x00000000ec400000,0x00000000ec400000,0x00000000ec800000)
 ParOldGen       total 68608K, used 760K [0x00000000c0000000, 0x00000000c4300000, 0x00000000eab00000)
  object space 68608K, 1% used [0x00000000c0000000,0x00000000c00be000,0x00000000c4300000)
 Metaspace       used 19731K, committed 20160K, reserved 1114112K
  class space    used 2009K, committed 2176K, reserved 1048576K
}
Event: 20.799 GC heap after
{Heap after GC invocations=3 (full 0):
 PSYoungGen      total 29696K, used 4068K [0x00000000eab00000, 0x00000000ecc00000, 0x0000000100000000)
  eden space 25600K, 0% used [0x00000000eab00000,0x00000000eab00000,0x00000000ec400000)
  from space 4096K, 99% used [0x00000000ec400000,0x00000000ec7f9320,0x00000000ec800000)
  to   space 4096K, 0% used [0x00000000ec800000,0x00000000ec800000,0x00000000ecc00000)
 ParOldGen       total 68608K, used 2430K [0x00000000c0000000, 0x00000000c4300000, 0x00000000eab00000)
  object space 68608K, 3% used [0x00000000c0000000,0x00000000c025fb80,0x00000000c4300000)
 Metaspace       used 19731K, committed 20160K, reserved 1114112K
  class space    used 2009K, committed 2176K, reserved 1048576K
}
Event: 21.265 GC heap before
{Heap before GC invocations=4 (full 0):
 PSYoungGen      total 29696K, used 10809K [0x00000000eab00000, 0x00000000ecc00000, 0x0000000100000000)
  eden space 25600K, 26% used [0x00000000eab00000,0x00000000eb1954a0,0x00000000ec400000)
  from space 4096K, 99% used [0x00000000ec400000,0x00000000ec7f9320,0x00000000ec800000)
  to   space 4096K, 0% used [0x00000000ec800000,0x00000000ec800000,0x00000000ecc00000)
 ParOldGen       total 68608K, used 2430K [0x00000000c0000000, 0x00000000c4300000, 0x00000000eab00000)
  object space 68608K, 3% used [0x00000000c0000000,0x00000000c025fb80,0x00000000c4300000)
 Metaspace       used 21056K, committed 21504K, reserved 1114112K
  class space    used 2146K, committed 2368K, reserved 1048576K
}
Event: 21.270 GC heap after
{Heap after GC invocations=4 (full 0):
 PSYoungGen      total 29696K, used 4094K [0x00000000eab00000, 0x00000000ecc00000, 0x0000000100000000)
  eden space 25600K, 0% used [0x00000000eab00000,0x00000000eab00000,0x00000000ec400000)
  from space 4096K, 99% used [0x00000000ec800000,0x00000000ecbffa20,0x00000000ecc00000)
  to   space 4096K, 0% used [0x00000000ec400000,0x00000000ec400000,0x00000000ec800000)
 ParOldGen       total 68608K, used 2831K [0x00000000c0000000, 0x00000000c4300000, 0x00000000eab00000)
  object space 68608K, 4% used [0x00000000c0000000,0x00000000c02c3ec0,0x00000000c4300000)
 Metaspace       used 21056K, committed 21504K, reserved 1114112K
  class space    used 2146K, committed 2368K, reserved 1048576K
}
Event: 21.270 GC heap before
{Heap before GC invocations=5 (full 1):
 PSYoungGen      total 29696K, used 4094K [0x00000000eab00000, 0x00000000ecc00000, 0x0000000100000000)
  eden space 25600K, 0% used [0x00000000eab00000,0x00000000eab00000,0x00000000ec400000)
  from space 4096K, 99% used [0x00000000ec800000,0x00000000ecbffa20,0x00000000ecc00000)
  to   space 4096K, 0% used [0x00000000ec400000,0x00000000ec400000,0x00000000ec800000)
 ParOldGen       total 68608K, used 2831K [0x00000000c0000000, 0x00000000c4300000, 0x00000000eab00000)
  object space 68608K, 4% used [0x00000000c0000000,0x00000000c02c3ec0,0x00000000c4300000)
 Metaspace       used 21056K, committed 21504K, reserved 1114112K
  class space    used 2146K, committed 2368K, reserved 1048576K
}
Event: 21.347 GC heap after
{Heap after GC invocations=5 (full 1):
 PSYoungGen      total 29696K, used 0K [0x00000000eab00000, 0x00000000ecc00000, 0x0000000100000000)
  eden space 25600K, 0% used [0x00000000eab00000,0x00000000eab00000,0x00000000ec400000)
  from space 4096K, 0% used [0x00000000ec800000,0x00000000ec800000,0x00000000ecc00000)
  to   space 4096K, 0% used [0x00000000ec400000,0x00000000ec400000,0x00000000ec800000)
 ParOldGen       total 68608K, used 6800K [0x00000000c0000000, 0x00000000c4300000, 0x00000000eab00000)
  object space 68608K, 9% used [0x00000000c0000000,0x00000000c06a4150,0x00000000c4300000)
 Metaspace       used 21043K, committed 21504K, reserved 1114112K
  class space    used 2143K, committed 2368K, reserved 1048576K
}

Dll operation events (10 events):
Event: 0.376 Loaded shared library c:\Users\Akshay Kadam\.vscode\extensions\redhat.java-1.33.0-win32-x64\jre\17.0.11-win32-x86_64\bin\java.dll
Event: 1.222 Loaded shared library c:\Users\Akshay Kadam\.vscode\extensions\redhat.java-1.33.0-win32-x64\jre\17.0.11-win32-x86_64\bin\zip.dll
Event: 1.230 Loaded shared library C:\Users\Akshay Kadam\.vscode\extensions\redhat.java-1.33.0-win32-x64\jre\17.0.11-win32-x86_64\bin\instrument.dll
Event: 1.288 Loaded shared library C:\Users\Akshay Kadam\.vscode\extensions\redhat.java-1.33.0-win32-x64\jre\17.0.11-win32-x86_64\bin\net.dll
Event: 1.292 Loaded shared library C:\Users\Akshay Kadam\.vscode\extensions\redhat.java-1.33.0-win32-x64\jre\17.0.11-win32-x86_64\bin\nio.dll
Event: 1.308 Loaded shared library C:\Users\Akshay Kadam\.vscode\extensions\redhat.java-1.33.0-win32-x64\jre\17.0.11-win32-x86_64\bin\zip.dll
Event: 1.357 Loaded shared library C:\Users\Akshay Kadam\.vscode\extensions\redhat.java-1.33.0-win32-x64\jre\17.0.11-win32-x86_64\bin\jimage.dll
Event: 1.491 Loaded shared library c:\Users\Akshay Kadam\.vscode\extensions\redhat.java-1.33.0-win32-x64\jre\17.0.11-win32-x86_64\bin\verify.dll
Event: 17.946 Loaded shared library C:\Users\Akshay Kadam\AppData\Roaming\Code\User\globalStorage\redhat.java\1.33.0\config_ss_win\org.eclipse.equinox.launcher\org.eclipse.equinox.launcher.win32.win32.x86_64_1.2.1100.v20240722-2106\eclipse_11904.dll
Event: 22.190 Loaded shared library C:\Users\Akshay Kadam\AppData\Local\Temp\jna--1064685167\jna2346749066697997238.dll

Deoptimization events (20 events):
Event: 20.932 Thread 0x000001f7dbc83f70 Uncommon trap: trap_request=0xffffffc6 fr.pc=0x000001f7ccb692f4 relative=0x0000000000000694
Event: 20.932 Thread 0x000001f7dbc83f70 Uncommon trap: reason=bimorphic_or_optimized_type_check action=maybe_recompile pc=0x000001f7ccb692f4 method=java.io.DataInputStream.readUnsignedShort()I @ 6 c2
Event: 20.932 Thread 0x000001f7dbc83f70 DEOPT PACKING pc=0x000001f7ccb692f4 sp=0x00000075bb8f9660
Event: 20.932 Thread 0x000001f7dbc83f70 DEOPT UNPACKING pc=0x000001f7cc559ea3 sp=0x00000075bb8f9628 mode 2
Event: 20.988 Thread 0x000001f7dbc83f70 Uncommon trap: trap_request=0xffffff45 fr.pc=0x000001f7ccb7cfb4 relative=0x00000000000017b4
Event: 20.988 Thread 0x000001f7dbc83f70 Uncommon trap: reason=unstable_if action=reinterpret pc=0x000001f7ccb7cfb4 method=java.io.DataInputStream.readUnsignedShort()I @ 18 c2
Event: 20.988 Thread 0x000001f7dbc83f70 DEOPT PACKING pc=0x000001f7ccb7cfb4 sp=0x00000075bb8f9990
Event: 20.988 Thread 0x000001f7dbc83f70 DEOPT UNPACKING pc=0x000001f7cc559ea3 sp=0x00000075bb8f9900 mode 2
Event: 21.049 Thread 0x000001f7dbc83f70 Uncommon trap: trap_request=0xffffff45 fr.pc=0x000001f7ccb3cc40 relative=0x0000000000000040
Event: 21.049 Thread 0x000001f7dbc83f70 Uncommon trap: reason=unstable_if action=reinterpret pc=0x000001f7ccb3cc40 method=sun.nio.fs.WindowsPathParser.isSlash(C)Z @ 9 c2
Event: 21.049 Thread 0x000001f7dbc83f70 DEOPT PACKING pc=0x000001f7ccb3cc40 sp=0x00000075bb8f9490
Event: 21.049 Thread 0x000001f7dbc83f70 DEOPT UNPACKING pc=0x000001f7cc559ea3 sp=0x00000075bb8f9418 mode 2
Event: 21.262 Thread 0x000001f7dbc83f70 Uncommon trap: trap_request=0xffffff45 fr.pc=0x000001f7ccafa234 relative=0x00000000000006b4
Event: 21.262 Thread 0x000001f7dbc83f70 Uncommon trap: reason=unstable_if action=reinterpret pc=0x000001f7ccafa234 method=java.lang.String.replace(Ljava/lang/CharSequence;Ljava/lang/CharSequence;)Ljava/lang/String; @ 42 c2
Event: 21.262 Thread 0x000001f7dbc83f70 DEOPT PACKING pc=0x000001f7ccafa234 sp=0x00000075bb8f79e0
Event: 21.262 Thread 0x000001f7dbc83f70 DEOPT UNPACKING pc=0x000001f7cc559ea3 sp=0x00000075bb8f7970 mode 2
Event: 21.713 Thread 0x000001f7dbc83f70 DEOPT PACKING pc=0x000001f7c5413d5e sp=0x00000075bb8f6390
Event: 21.713 Thread 0x000001f7dbc83f70 DEOPT UNPACKING pc=0x000001f7cc55a9e3 sp=0x00000075bb8f5808 mode 0
Event: 21.722 Thread 0x000001f7dbc83f70 DEOPT PACKING pc=0x000001f7c5413d5e sp=0x00000075bb8f6390
Event: 21.722 Thread 0x000001f7dbc83f70 DEOPT UNPACKING pc=0x000001f7cc55a9e3 sp=0x00000075bb8f5808 mode 0

Classes unloaded (7 events):
Event: 21.278 Thread 0x000001f7d6169d40 Unloading class 0x0000000100216400 'java/lang/invoke/LambdaForm$MH+0x0000000100216400'
Event: 21.278 Thread 0x000001f7d6169d40 Unloading class 0x0000000100216000 'java/lang/invoke/LambdaForm$MH+0x0000000100216000'
Event: 21.278 Thread 0x000001f7d6169d40 Unloading class 0x0000000100215c00 'java/lang/invoke/LambdaForm$MH+0x0000000100215c00'
Event: 21.278 Thread 0x000001f7d6169d40 Unloading class 0x0000000100215800 'java/lang/invoke/LambdaForm$MH+0x0000000100215800'
Event: 21.278 Thread 0x000001f7d6169d40 Unloading class 0x0000000100215400 'java/lang/invoke/LambdaForm$BMH+0x0000000100215400'
Event: 21.278 Thread 0x000001f7d6169d40 Unloading class 0x0000000100215000 'java/lang/invoke/LambdaForm$DMH+0x0000000100215000'
Event: 21.278 Thread 0x000001f7d6169d40 Unloading class 0x0000000100210400 'java/lang/invoke/LambdaForm$DMH+0x0000000100210400'

Classes redefined (0 events):
No events

Internal exceptions (20 events):
Event: 20.335 Thread 0x000001f7dbc83f70 Exception <a 'java/lang/NoSuchMethodError'{0x00000000ebf795c8}: 'void java.lang.invoke.DirectMethodHandle$Holder.invokeVirtual(java.lang.Object, java.lang.Object)'> (0x00000000ebf795c8) 
thrown [s\src\hotspot\share\interpreter\linkResolver.cpp, line 759]
Event: 20.602 Thread 0x000001f7dbc83f70 Exception <a 'java/lang/NoSuchMethodError'{0x00000000ec0881f0}: 'java.lang.Object java.lang.invoke.DirectMethodHandle$Holder.invokeStatic(java.lang.Object, java.lang.Object, int)'> (0x00000000ec0881f0) 
thrown [s\src\hotspot\share\interpreter\linkResolver.cpp, line 759]
Event: 20.604 Thread 0x000001f7dbc83f70 Exception <a 'java/lang/NoSuchMethodError'{0x00000000ec08cda0}: 'void java.lang.invoke.DirectMethodHandle$Holder.invokeStatic(java.lang.Object, java.lang.Object, int, java.lang.Object)'> (0x00000000ec08cda0) 
thrown [s\src\hotspot\share\interpreter\linkResolver.cpp, line 759]
Event: 20.605 Thread 0x000001f7dbc83f70 Exception <a 'java/lang/NoSuchMethodError'{0x00000000ec094720}: 'void java.lang.invoke.DelegatingMethodHandle$Holder.delegate(java.lang.Object, java.lang.Object, int, java.lang.Object)'> (0x00000000ec094720) 
thrown [s\src\hotspot\share\interpreter\linkResolver.cpp, line 759]
Event: 20.606 Thread 0x000001f7dbc83f70 Exception <a 'java/lang/NoSuchMethodError'{0x00000000ec098b08}: 'int java.lang.invoke.DirectMethodHandle$Holder.invokeSpecial(java.lang.Object, java.lang.Object, java.lang.Object)'> (0x00000000ec098b08) 
thrown [s\src\hotspot\share\interpreter\linkResolver.cpp, line 759]
Event: 20.611 Thread 0x000001f7dbc83f70 Exception <a 'java/lang/NoSuchMethodError'{0x00000000ec0a9798}: 'int java.lang.invoke.DirectMethodHandle$Holder.invokeStatic(java.lang.Object, java.lang.Object, int)'> (0x00000000ec0a9798) 
thrown [s\src\hotspot\share\interpreter\linkResolver.cpp, line 759]
Event: 20.613 Thread 0x000001f7dbc83f70 Exception <a 'java/lang/NoSuchMethodError'{0x00000000ec0ad7c0}: 'int java.lang.invoke.DirectMethodHandle$Holder.invokeSpecial(java.lang.Object, java.lang.Object, java.lang.Object, int)'> (0x00000000ec0ad7c0) 
thrown [s\src\hotspot\share\interpreter\linkResolver.cpp, line 759]
Event: 20.616 Thread 0x000001f7dbc83f70 Exception <a 'java/lang/NoSuchMethodError'{0x00000000ec0c8d90}: 'java.lang.Object java.lang.invoke.DirectMethodHandle$Holder.invokeStatic(java.lang.Object, java.lang.Object, java.lang.Object, java.lang.Object, int)'> (0x00000000ec0c8d90) 
thrown [s\src\hotspot\share\interpreter\linkResolver.cpp, line 759]
Event: 20.618 Thread 0x000001f7dbc83f70 Exception <a 'java/lang/NoSuchMethodError'{0x00000000ec0d4d88}: 'java.lang.Object java.lang.invoke.DelegatingMethodHandle$Holder.reinvoke_L(java.lang.Object, java.lang.Object, java.lang.Object, java.lang.Object, int, int)'> (0x00000000ec0d4d88) 
thrown [s\src\hotspot\share\interpreter\linkResolver.cpp, line 759]
Event: 20.622 Thread 0x000001f7dbc83f70 Exception <a 'java/lang/NoSuchMethodError'{0x00000000ec0e9910}: 'java.lang.Object java.lang.invoke.Invokers$Holder.invokeExact_MT(java.lang.Object, java.lang.Object, java.lang.Object, java.lang.Object)'> (0x00000000ec0e9910) 
thrown [s\src\hotspot\share\interpreter\linkResolver.cpp, line 759]
Event: 20.772 Thread 0x000001f7dbc83f70 Exception <a 'java/io/FileNotFoundException'{0x00000000ec3587d0}> (0x00000000ec3587d0) 
thrown [s\src\hotspot\share\prims\jni.cpp, line 516]
Event: 20.774 Thread 0x000001f7dbc83f70 Exception <a 'java/io/FileNotFoundException'{0x00000000ec35f4b8}> (0x00000000ec35f4b8) 
thrown [s\src\hotspot\share\prims\jni.cpp, line 516]
Event: 20.938 Thread 0x000001f7dbc83f70 Exception <a 'java/lang/NoSuchMethodError'{0x00000000ead6d748}: 'java.lang.Object java.lang.invoke.DirectMethodHandle$Holder.newInvokeSpecial(java.lang.Object, java.lang.Object, java.lang.Object, java.lang.Object, java.lang.Object)'> (0x00000000ead6d748) 
thrown [s\src\hotspot\share\interpreter\linkResolver.cpp, line 759]
Event: 21.066 Thread 0x000001f7dbc83f70 Exception <a 'java/lang/NoSuchMethodError'{0x00000000eaeddee8}: 'java.lang.Object java.lang.invoke.DirectMethodHandle$Holder.invokeStaticInit(java.lang.Object, int)'> (0x00000000eaeddee8) 
thrown [s\src\hotspot\share\interpreter\linkResolver.cpp, line 759]
Event: 21.359 Thread 0x000001f7dbc83f70 Exception <a 'java/lang/NoSuchMethodError'{0x00000000eab7c138}: 'java.lang.Object java.lang.invoke.DirectMethodHandle$Holder.invokeStaticInit(java.lang.Object, int, int, int, int)'> (0x00000000eab7c138) 
thrown [s\src\hotspot\share\interpreter\linkResolver.cpp, line 759]
Event: 21.847 Thread 0x000001f7dbc83f70 Exception <a 'java/lang/NoSuchMethodError'{0x00000000eacdbdb0}: 'java.lang.Object java.lang.invoke.DirectMethodHandle$Holder.invokeStaticInit(java.lang.Object, java.lang.Object, int, int, int, int)'> (0x00000000eacdbdb0) 
thrown [s\src\hotspot\share\interpreter\linkResolver.cpp, line 759]
Event: 22.305 Thread 0x000001f7dbc83f70 Exception <a 'java/lang/OutOfMemoryError'{0x00000000eae1a410}: unable to create native thread: possibly out of memory or process/resource limits reached> (0x00000000eae1a410) 
thrown [s\src\hotspot\share\prims\jvm.cpp, line 2923]
Event: 22.307 Thread 0x000001f7dbc83f70 Exception <a 'java/lang/NoSuchMethodError'{0x00000000eae1ba00}: 'java.lang.Object java.lang.invoke.DirectMethodHandle$Holder.invokeSpecial(java.lang.Object, java.lang.Object, java.lang.Object, int, java.lang.Object, java.lang.Object)'> (0x00000000eae1ba00) 
thrown [s\src\hotspot\share\interpreter\linkResolver.cpp, line 759]
Event: 22.309 Thread 0x000001f7dbc83f70 Exception <a 'java/lang/NoSuchMethodError'{0x00000000eae24188}: 'java.lang.Object java.lang.invoke.DirectMethodHandle$Holder.newInvokeSpecial(java.lang.Object, java.lang.Object, java.lang.Object, int, java.lang.Object)'> (0x00000000eae24188) 
thrown [s\src\hotspot\share\interpreter\linkResolver.cpp, line 759]
Event: 22.311 Thread 0x000001f7dbc83f70 Exception <a 'java/lang/NoSuchMethodError'{0x00000000eae285e0}: 'java.lang.Object java.lang.invoke.DirectMethodHandle$Holder.invokeSpecial(java.lang.Object, java.lang.Object, java.lang.Object, java.lang.Object, int, java.lang.Object)'> (0x00000000eae285e0) 
thrown [s\src\hotspot\share\interpreter\linkResolver.cpp, line 759]

VM Operations (20 events):
Event: 18.105 Executing VM operation: HandshakeAllThreads
Event: 18.105 Executing VM operation: HandshakeAllThreads done
Event: 18.201 Executing VM operation: ParallelGCFailedAllocation
Event: 18.224 Executing VM operation: ParallelGCFailedAllocation done
Event: 19.228 Executing VM operation: Cleanup
Event: 19.228 Executing VM operation: Cleanup done
Event: 20.039 Executing VM operation: HandshakeAllThreads
Event: 20.039 Executing VM operation: HandshakeAllThreads done
Event: 20.602 Executing VM operation: HandshakeAllThreads
Event: 20.602 Executing VM operation: HandshakeAllThreads done
Event: 20.602 Executing VM operation: Cleanup
Event: 20.602 Executing VM operation: Cleanup done
Event: 20.791 Executing VM operation: ParallelGCFailedAllocation
Event: 20.799 Executing VM operation: ParallelGCFailedAllocation done
Event: 21.265 Executing VM operation: CollectForMetadataAllocation
Event: 21.349 Executing VM operation: CollectForMetadataAllocation done
Event: 21.428 Executing VM operation: HandshakeAllThreads
Event: 21.429 Executing VM operation: HandshakeAllThreads done
Event: 22.223 Executing VM operation: HandshakeAllThreads
Event: 22.223 Executing VM operation: HandshakeAllThreads done

Events (20 events):
Event: 21.869 loading class java/io/FileOutputStream$1
Event: 21.870 loading class java/io/FileOutputStream$1 done
Event: 22.193 loading class java/nio/ShortBuffer
Event: 22.195 loading class java/nio/ShortBuffer done
Event: 22.195 loading class java/nio/FloatBuffer
Event: 22.198 loading class java/nio/FloatBuffer done
Event: 22.199 loading class java/nio/DoubleBuffer
Event: 22.200 loading class java/nio/DoubleBuffer done
Event: 22.202 loading class jdk/internal/loader/NativeLibraries$Unloader
Event: 22.203 loading class jdk/internal/loader/NativeLibraries$Unloader done
Event: 22.240 loading class java/lang/annotation/Documented
Event: 22.241 loading class java/lang/annotation/Documented done
Event: 22.249 loading class java/lang/reflect/UndeclaredThrowableException
Event: 22.249 loading class java/lang/reflect/UndeclaredThrowableException done
Event: 22.250 loading class java/lang/Class$AnnotationData
Event: 22.251 loading class java/lang/Class$AnnotationData done
Event: 22.252 loading class jdk/internal/reflect/UnsafeIntegerFieldAccessorImpl
Event: 22.253 loading class jdk/internal/reflect/UnsafeIntegerFieldAccessorImpl done
Event: 22.273 loading class jdk/internal/reflect/UnsafeObjectFieldAccessorImpl
Event: 22.274 loading class jdk/internal/reflect/UnsafeObjectFieldAccessorImpl done


Dynamic libraries:
0x00007ff65da10000 - 0x00007ff65da1e000 	c:\Users\Akshay Kadam\.vscode\extensions\redhat.java-1.33.0-win32-x64\jre\17.0.11-win32-x86_64\bin\java.exe
0x00007ffa339f0000 - 0x00007ffa33c07000 	C:\WINDOWS\SYSTEM32\ntdll.dll
0x00007ffa32970000 - 0x00007ffa32a34000 	C:\WINDOWS\System32\KERNEL32.DLL
0x00007ffa30f10000 - 0x00007ffa312bd000 	C:\WINDOWS\System32\KERNELBASE.dll
0x00007ffa31480000 - 0x00007ffa31591000 	C:\WINDOWS\System32\ucrtbase.dll
0x00007ffa1b080000 - 0x00007ffa1b097000 	c:\Users\Akshay Kadam\.vscode\extensions\redhat.java-1.33.0-win32-x64\jre\17.0.11-win32-x86_64\bin\jli.dll
0x00007ffa32d40000 - 0x00007ffa32eee000 	C:\WINDOWS\System32\USER32.dll
0x00007ffa31660000 - 0x00007ffa31686000 	C:\WINDOWS\System32\win32u.dll
0x00007ffa32bb0000 - 0x00007ffa32bd9000 	C:\WINDOWS\System32\GDI32.dll
0x00007ffa31360000 - 0x00007ffa31479000 	C:\WINDOWS\System32\gdi32full.dll
0x00007ffa31690000 - 0x00007ffa3172a000 	C:\WINDOWS\System32\msvcp_win.dll
0x00007ffa18b60000 - 0x00007ffa18b7b000 	c:\Users\Akshay Kadam\.vscode\extensions\redhat.java-1.33.0-win32-x64\jre\17.0.11-win32-x86_64\bin\VCRUNTIME140.dll
0x00007ffa18c20000 - 0x00007ffa18eb3000 	C:\WINDOWS\WinSxS\amd64_microsoft.windows.common-controls_6595b64144ccf1df_6.0.22621.3672_none_2713b9d173822955\COMCTL32.dll
0x00007ffa32ef0000 - 0x00007ffa32f97000 	C:\WINDOWS\System32\msvcrt.dll
0x00007ffa31830000 - 0x00007ffa31861000 	C:\WINDOWS\System32\IMM32.DLL
0x000000005d050000 - 0x000000005d05c000 	C:\Program Files (x86)\360\Total Security\safemon\SafeWrapper.dll
0x00007ffa29f30000 - 0x00007ffa29f3c000 	c:\Users\Akshay Kadam\.vscode\extensions\redhat.java-1.33.0-win32-x64\jre\17.0.11-win32-x86_64\bin\vcruntime140_1.dll
0x00007ffa10060000 - 0x00007ffa100ed000 	c:\Users\Akshay Kadam\.vscode\extensions\redhat.java-1.33.0-win32-x64\jre\17.0.11-win32-x86_64\bin\msvcp140.dll
0x00007ff9d20a0000 - 0x00007ff9d2d02000 	c:\Users\Akshay Kadam\.vscode\extensions\redhat.java-1.33.0-win32-x64\jre\17.0.11-win32-x86_64\bin\server\jvm.dll
0x00007ffa32af0000 - 0x00007ffa32ba2000 	C:\WINDOWS\System32\ADVAPI32.dll
0x00007ffa32a40000 - 0x00007ffa32ae9000 	C:\WINDOWS\System32\sechost.dll
0x00007ffa312c0000 - 0x00007ffa312e8000 	C:\WINDOWS\System32\bcrypt.dll
0x00007ffa324c0000 - 0x00007ffa325d4000 	C:\WINDOWS\System32\RPCRT4.dll
0x00007ffa30c00000 - 0x00007ffa30c4d000 	C:\WINDOWS\SYSTEM32\POWRPROF.dll
0x00007ffa273b0000 - 0x00007ffa273b9000 	C:\WINDOWS\SYSTEM32\WSOCK32.dll
0x00007ffa32720000 - 0x00007ffa32791000 	C:\WINDOWS\System32\WS2_32.dll
0x00007ffa293a0000 - 0x00007ffa293d4000 	C:\WINDOWS\SYSTEM32\WINMM.dll
0x00007ffa27440000 - 0x00007ffa2744a000 	C:\WINDOWS\SYSTEM32\VERSION.dll
0x00007ffa30be0000 - 0x00007ffa30bf3000 	C:\WINDOWS\SYSTEM32\UMPDC.dll
0x00007ffa2fcb0000 - 0x00007ffa2fcc8000 	C:\WINDOWS\SYSTEM32\kernel.appcore.dll
0x00007ffa29420000 - 0x00007ffa2942a000 	c:\Users\Akshay Kadam\.vscode\extensions\redhat.java-1.33.0-win32-x64\jre\17.0.11-win32-x86_64\bin\jimage.dll
0x00007ffa2e670000 - 0x00007ffa2e8a2000 	C:\WINDOWS\SYSTEM32\DBGHELP.DLL
0x00007ffa32130000 - 0x00007ffa324b8000 	C:\WINDOWS\System32\combase.dll
0x00007ffa33050000 - 0x00007ffa33127000 	C:\WINDOWS\System32\OLEAUT32.dll
0x00007ffa09950000 - 0x00007ffa09982000 	C:\WINDOWS\SYSTEM32\dbgcore.DLL
0x00007ffa30e90000 - 0x00007ffa30f0b000 	C:\WINDOWS\System32\bcryptPrimitives.dll
0x00007ffa28d90000 - 0x00007ffa28d9e000 	c:\Users\Akshay Kadam\.vscode\extensions\redhat.java-1.33.0-win32-x64\jre\17.0.11-win32-x86_64\bin\instrument.dll
0x00007ffa15970000 - 0x00007ffa15995000 	c:\Users\Akshay Kadam\.vscode\extensions\redhat.java-1.33.0-win32-x64\jre\17.0.11-win32-x86_64\bin\java.dll
0x00007ffa15800000 - 0x00007ffa15818000 	c:\Users\Akshay Kadam\.vscode\extensions\redhat.java-1.33.0-win32-x64\jre\17.0.11-win32-x86_64\bin\zip.dll
0x00007ffa318d0000 - 0x00007ffa3212f000 	C:\WINDOWS\System32\SHELL32.dll
0x00007ffa2eac0000 - 0x00007ffa2f3bc000 	C:\WINDOWS\SYSTEM32\windows.storage.dll
0x00007ffa2f3f0000 - 0x00007ffa2f52f000 	C:\WINDOWS\SYSTEM32\wintypes.dll
0x00007ffa31730000 - 0x00007ffa31824000 	C:\WINDOWS\System32\SHCORE.dll
0x00007ffa334d0000 - 0x00007ffa3352e000 	C:\WINDOWS\System32\shlwapi.dll
0x00007ffa30c50000 - 0x00007ffa30c71000 	C:\WINDOWS\SYSTEM32\profapi.dll
0x00007ffa16290000 - 0x00007ffa162a9000 	C:\Users\Akshay Kadam\.vscode\extensions\redhat.java-1.33.0-win32-x64\jre\17.0.11-win32-x86_64\bin\net.dll
0x00007ffa2a750000 - 0x00007ffa2a886000 	C:\WINDOWS\SYSTEM32\WINHTTP.dll
0x00007ffa30170000 - 0x00007ffa301d9000 	C:\WINDOWS\system32\mswsock.dll
0x00007ffa13bb0000 - 0x00007ffa13bc6000 	C:\Users\Akshay Kadam\.vscode\extensions\redhat.java-1.33.0-win32-x64\jre\17.0.11-win32-x86_64\bin\nio.dll
0x00007ffa28d80000 - 0x00007ffa28d90000 	c:\Users\Akshay Kadam\.vscode\extensions\redhat.java-1.33.0-win32-x64\jre\17.0.11-win32-x86_64\bin\verify.dll
0x00007ffa101f0000 - 0x00007ffa10235000 	C:\Users\Akshay Kadam\AppData\Roaming\Code\User\globalStorage\redhat.java\1.33.0\config_ss_win\org.eclipse.equinox.launcher\org.eclipse.equinox.launcher.win32.win32.x86_64_1.2.1100.v20240722-2106\eclipse_11904.dll
0x00007ffa327a0000 - 0x00007ffa32945000 	C:\WINDOWS\System32\ole32.dll
0x00007ffa30530000 - 0x00007ffa3054b000 	C:\WINDOWS\SYSTEM32\CRYPTSP.dll
0x00007ffa2fc70000 - 0x00007ffa2fca5000 	C:\WINDOWS\system32\rsaenh.dll
0x00007ffa30210000 - 0x00007ffa30238000 	C:\WINDOWS\SYSTEM32\USERENV.dll
0x00007ffa30370000 - 0x00007ffa3037c000 	C:\WINDOWS\SYSTEM32\CRYPTBASE.dll
0x00007ffa2f7c0000 - 0x00007ffa2f7ed000 	C:\WINDOWS\SYSTEM32\IPHLPAPI.DLL
0x00007ffa326f0000 - 0x00007ffa326f9000 	C:\WINDOWS\System32\NSI.dll
0x00007ffa2a920000 - 0x00007ffa2a939000 	C:\WINDOWS\SYSTEM32\dhcpcsvc6.DLL
0x00007ffa2a1f0000 - 0x00007ffa2a20f000 	C:\WINDOWS\SYSTEM32\dhcpcsvc.DLL
0x00007ffa2f7f0000 - 0x00007ffa2f8e8000 	C:\WINDOWS\SYSTEM32\DNSAPI.dll
0x00007ffa089c0000 - 0x00007ffa08a05000 	C:\Users\Akshay Kadam\AppData\Local\Temp\jna--1064685167\jna2346749066697997238.dll
0x00007ffa32ce0000 - 0x00007ffa32ce8000 	C:\WINDOWS\System32\PSAPI.DLL

dbghelp: loaded successfully - version: 4.0.5 - missing functions: none
symbol engine: initialized successfully - sym options: 0x614 - pdb path: .;c:\Users\Akshay Kadam\.vscode\extensions\redhat.java-1.33.0-win32-x64\jre\17.0.11-win32-x86_64\bin;C:\WINDOWS\SYSTEM32;C:\WINDOWS\WinSxS\amd64_microsoft.windows.common-controls_6595b64144ccf1df_6.0.22621.3672_none_2713b9d173822955;C:\Program Files (x86)\360\Total Security\safemon;c:\Users\Akshay Kadam\.vscode\extensions\redhat.java-1.33.0-win32-x64\jre\17.0.11-win32-x86_64\bin\server;C:\Users\Akshay Kadam\AppData\Roaming\Code\User\globalStorage\redhat.java\1.33.0\config_ss_win\org.eclipse.equinox.launcher\org.eclipse.equinox.launcher.win32.win32.x86_64_1.2.1100.v20240722-2106;C:\Users\Akshay Kadam\AppData\Local\Temp\jna--1064685167

VM Arguments:
jvm_args: --add-modules=ALL-SYSTEM --add-opens=java.base/java.util=ALL-UNNAMED --add-opens=java.base/java.lang=ALL-UNNAMED --add-opens=java.base/sun.nio.fs=ALL-UNNAMED -Declipse.application=org.eclipse.jdt.ls.core.id1 -Dosgi.bundles.defaultStartLevel=4 -Declipse.product=org.eclipse.jdt.ls.core.product -Djava.import.generatesMetadataFilesAtProjectRoot=false -DDetectVMInstallationsJob.disabled=true -Dfile.encoding=utf8 -XX:+UseParallelGC -XX:GCTimeRatio=4 -XX:AdaptiveSizePolicyWeight=90 -Dsun.zip.disableMemoryMapping=true -Xmx1G -Xms100m -Xlog:disable -javaagent:c:\Users\Akshay Kadam\.vscode\extensions\redhat.java-1.33.0-win32-x64\lombok\lombok-1.18.33.jar 
java_command: c:\Users\Akshay Kadam\.vscode\extensions\redhat.java-1.33.0-win32-x64\server\plugins\org.eclipse.equinox.launcher_1.6.900.v20240613-2009.jar -configuration c:\Users\Akshay Kadam\AppData\Roaming\Code\User\globalStorage\redhat.java\1.33.0\config_ss_win -data c:\Users\Akshay Kadam\AppData\Roaming\Code\User\workspaceStorage\a0199bcba35824faf9c02197b0bb635c\redhat.java\ss_ws --pipe=\\.\pipe\lsp-036742450956bec913822efb7440e99f-sock
java_class_path (initial): c:\Users\Akshay Kadam\.vscode\extensions\redhat.java-1.33.0-win32-x64\server\plugins\org.eclipse.equinox.launcher_1.6.900.v20240613-2009.jar
Launcher Type: SUN_STANDARD

[Global flags]
    uintx AdaptiveSizePolicyWeight                 = 90                                        {product} {command line}
     intx CICompilerCount                          = 3                                         {product} {ergonomic}
    uintx GCTimeRatio                              = 4                                         {product} {command line}
   size_t InitialHeapSize                          = 104857600                                 {product} {command line}
   size_t MaxHeapSize                              = 1073741824                                {product} {command line}
   size_t MaxNewSize                               = 357564416                                 {product} {ergonomic}
   size_t MinHeapDeltaBytes                        = 524288                                    {product} {ergonomic}
   size_t MinHeapSize                              = 104857600                                 {product} {command line}
   size_t NewSize                                  = 34603008                                  {product} {ergonomic}
    uintx NonNMethodCodeHeapSize                   = 5832780                                {pd product} {ergonomic}
    uintx NonProfiledCodeHeapSize                  = 122912730                              {pd product} {ergonomic}
   size_t OldSize                                  = 70254592                                  {product} {ergonomic}
    uintx ProfiledCodeHeapSize                     = 122912730                              {pd product} {ergonomic}
    uintx ReservedCodeCacheSize                    = 251658240                              {pd product} {ergonomic}
     bool SegmentedCodeCache                       = true                                      {product} {ergonomic}
   size_t SoftMaxHeapSize                          = 1073741824                             {manageable} {ergonomic}
     bool UseCompressedClassPointers               = true                           {product lp64_product} {ergonomic}
     bool UseCompressedOops                        = true                           {product lp64_product} {ergonomic}
     bool UseLargePagesIndividualAllocation        = false                                  {pd product} {ergonomic}
     bool UseParallelGC                            = true                                      {product} {command line}

Logging:
Log output configuration:
 #0: stdout all=off uptime,level,tags
 #1: stderr all=off uptime,level,tags

Environment Variables:
JAVA_HOME=C:\Program Files\Java\jdk-15.0.1
CLASSPATH=C:\mysql-connector-j-8.0.33.jar;.
PATH=C:\Program Files\Common Files\Oracle\Java\javapath;C:\WINDOWS\system32;C:\WINDOWS;C:\WINDOWS\System32\Wbem;C:\WINDOWS\System32\WindowsPowerShell\v1.0\;C:\WINDOWS\System32\OpenSSH\;C:\Program Files\dotnet\;C:\Program Files\Java\jdk-15.0.1\bin;C:\Program Files\Common Files\Oracle\Java\javapath;C:\Users\Akshay Kadam\Downloads\sqkite;C:\Program Files\Git\cmd;C:\Program Files\nodejs\;C:\Users\Akshay Kadam\AppData\Local\Programs\Python\Launcher\;C:\Users\Akshay Kadam\AppData\Local\Microsoft\WindowsApps;C:\Users\Akshay Kadam\AppData\Local\Programs\Microsoft VS Code\bin;C:\ProgramData\Akshay Kadam\atom\bin;C:\Users\Akshay Kadam\AppData\Local\Programs\Hyper\resources\bin;C:\Users\Akshay Kadam\AppData\Roaming\npm
USERNAME=Akshay Kadam
OS=Windows_NT
PROCESSOR_IDENTIFIER=Intel64 Family 6 Model 126 Stepping 5, GenuineIntel
TMP=C:\Users\AKSHAY~1\AppData\Local\Temp
TEMP=C:\Users\AKSHAY~1\AppData\Local\Temp



Periodic native trim disabled


---------------  S Y S T E M  ---------------

OS:
 Windows 11 , 64 bit Build 22621 (10.0.22621.3672)
OS uptime: 17 days 4:47 hours
Hyper-V role detected

CPU: total 4 (initial active 4) (2 cores per cpu, 2 threads per core) family 6 model 126 stepping 5 microcode 0xa0, cx8, cmov, fxsr, ht, mmx, 3dnowpref, sse, sse2, sse3, ssse3, sse4.1, sse4.2, popcnt, lzcnt, tsc, tscinvbit, avx, avx2, aes, erms, clmul, bmi1, bmi2, adx, avx512f, avx512dq, avx512cd, avx512bw, avx512vl, sha, fma, vzeroupper, avx512_vpopcntdq, avx512_vpclmulqdq, avx512_vaes, avx512_vnni, clflush, clflushopt, avx512_vbmi2, avx512_vbmi, hv
Processor Information for all 4 processors :
  Max Mhz: 1201, Current Mhz: 1201, Mhz Limit: 1201

Memory: 4k page, system-wide physical 3902M (47M free)
TotalPageFile size 15678M (AvailPageFile size 4M)
current process WorkingSet (physical memory assigned to process): 96M, peak: 96M
current process commit charge ("private bytes"): 201M, peak: 203M

vm_info: OpenJDK 64-Bit Server VM (17.0.11+9) for windows-amd64 JRE (17.0.11+9), built on Apr 17 2024 06:07:48 by "admin" with MS VC++ 16.10 / 16.11 (VS2019)

END.
